2023-01-23T12:13:43+00:00 CRITICAL Uncaught ArgumentCountError: Too few arguments to function get_term_link(), 0 passed in /var/www/html/barrier/wp-content/themes/barrier/front-page.php on line 35 and at least 1 expected in /var/www/html/barrier/wp-includes/taxonomy.php:4552
Stack trace:
#0 /var/www/html/barrier/wp-content/themes/barrier/front-page.php(35): get_term_link()
#1 /var/www/html/barrier/wp-includes/template-loader.php(106): include('/var/www/html/b...')
#2 /var/www/html/barrier/wp-blog-header.php(19): require_once('/var/www/html/b...')
#3 /var/www/html/barrier/index.php(17): require('/var/www/html/b...')
#4 {main}
  thrown in /var/www/html/barrier/wp-includes/taxonomy.php on line 4552

2023-01-23T12:18:27+00:00 CRITICAL syntax error, unexpected '<' in /var/www/html/barrier/wp-content/themes/barrier/front-page.php on line 31

2023-01-23T12:32:04+00:00 CRITICAL Uncaught Error: Call to undefined function twenty_twenty_one_the_posts_navigation() in /var/www/html/barrier/wp-content/themes/barrier/archive.php:31
Stack trace:
#0 /var/www/html/barrier/wp-includes/template-loader.php(106): include()
#1 /var/www/html/barrier/wp-blog-header.php(19): require_once('/var/www/html/b...')
#2 /var/www/html/barrier/index.php(17): require('/var/www/html/b...')
#3 {main}
  thrown in /var/www/html/barrier/wp-content/themes/barrier/archive.php on line 31

2023-01-23T12:33:12+00:00 CRITICAL Uncaught Error: Call to undefined function twenty_twenty_one_the_posts_navigation() in /var/www/html/barrier/wp-content/themes/barrier/archive.php:30
Stack trace:
#0 /var/www/html/barrier/wp-includes/template-loader.php(106): include()
#1 /var/www/html/barrier/wp-blog-header.php(19): require_once('/var/www/html/b...')
#2 /var/www/html/barrier/index.php(17): require('/var/www/html/b...')
#3 {main}
  thrown in /var/www/html/barrier/wp-content/themes/barrier/archive.php on line 30

2023-01-23T12:33:32+00:00 CRITICAL Uncaught Error: Call to undefined function twenty_twenty_one_the_posts_navigation() in /var/www/html/barrier/wp-content/themes/barrier/archive.php:30
Stack trace:
#0 /var/www/html/barrier/wp-includes/template-loader.php(106): include()
#1 /var/www/html/barrier/wp-blog-header.php(19): require_once('/var/www/html/b...')
#2 /var/www/html/barrier/index.php(17): require('/var/www/html/b...')
#3 {main}
  thrown in /var/www/html/barrier/wp-content/themes/barrier/archive.php on line 30

2023-01-23T12:34:13+00:00 CRITICAL Uncaught Error: Call to undefined function twenty_twenty_one_the_posts_navigation() in /var/www/html/barrier/wp-content/themes/barrier/category.php:30
Stack trace:
#0 /var/www/html/barrier/wp-includes/template-loader.php(106): include()
#1 /var/www/html/barrier/wp-blog-header.php(19): require_once('/var/www/html/b...')
#2 /var/www/html/barrier/index.php(17): require('/var/www/html/b...')
#3 {main}
  thrown in /var/www/html/barrier/wp-content/themes/barrier/category.php on line 30

2023-01-23T12:34:14+00:00 CRITICAL Uncaught Error: Call to undefined function twenty_twenty_one_the_posts_navigation() in /var/www/html/barrier/wp-content/themes/barrier/category.php:30
Stack trace:
#0 /var/www/html/barrier/wp-includes/template-loader.php(106): include()
#1 /var/www/html/barrier/wp-blog-header.php(19): require_once('/var/www/html/b...')
#2 /var/www/html/barrier/index.php(17): require('/var/www/html/b...')
#3 {main}
  thrown in /var/www/html/barrier/wp-content/themes/barrier/category.php on line 30

2023-01-23T12:48:28+00:00 CRITICAL syntax error, unexpected 'global' (T_GLOBAL) in /var/www/html/barrier/wp-content/themes/barrier/woocommerce/content-product.php on line 20

2023-01-23T13:08:29+00:00 CRITICAL syntax error, unexpected end of file in /var/www/html/barrier/wp-content/themes/barrier/taxonomy-product_cat.php on line 1039

